<?xml version="1.0" encoding="UTF-8"?>
<!-- Generated by org.testng.reporters.JUnitReportReporter -->
<testsuite hostname="DESKTOP-H2MOL6B" failures="0" tests="1" name="BaseLog.PracticeTestNg" time="2.420" errors="0" timestamp="2022-04-19T19:49:38 EDT" skipped="0">
  <testcase classname="BaseLog.PracticeTestNg" name="logNG" time="2.420"/>
  <system-out/>
</testsuite> <!-- BaseLog.PracticeTestNg -->
